<?xml version="1.0" encoding="UTF-8"?>
<testng-results skipped="0" failed="0" ignored="0" total="2" passed="2">
  <reporter-output>
  </reporter-output>
  <suite name="Suite" duration-ms="85" started-at="2020-05-09T05:25:42Z" finished-at="2020-05-09T05:25:42Z">
    <groups>
    </groups>
    <test name="Test" duration-ms="85" started-at="2020-05-09T05:25:42Z" finished-at="2020-05-09T05:25:42Z">
      <class name="com.generic.seleniumTest">
        <test-method status="PASS" signature="SeleniumTest1()[pri:0, instance:com.generic.seleniumTest@52af6cff]" name="SeleniumTest1" duration-ms="31" started-at="2020-05-09T10:55:42Z" finished-at="2020-05-09T10:55:42Z">
          <reporter-output>
          </reporter-output>
        </test-method> <!-- SeleniumTest1 -->
        <test-method status="PASS" signature="SeleniumTest2()[pri:0, instance:com.generic.seleniumTest@52af6cff]" name="SeleniumTest2" duration-ms="0" started-at="2020-05-09T10:55:42Z" finished-at="2020-05-09T10:55:42Z">
          <reporter-output>
          </reporter-output>
        </test-method> <!-- SeleniumTest2 -->
      </class> <!-- com.generic.seleniumTest -->
    </test> <!-- Test -->
  </suite> <!-- Suite -->
</testng-results>
