<?xml version="1.0" encoding="UTF-8"?>
<testng-results skipped="0" failed="0" ignored="0" total="1" passed="1">
  <reporter-output>
  </reporter-output>
  <suite name="Suite" duration-ms="1255" started-at="2020-05-09T15:56:31 IST" finished-at="2020-05-09T15:56:33 IST">
    <groups>
      <group name="cucumber">
        <method signature="AbstractTestNGCucumberTests.feature(cucumber.api.testng.CucumberFeatureWrapper)[pri:0, instance:cucumberOptions.TestRunner@71bbf57e]" name="feature" class="cucumber.api.testng.AbstractTestNGCucumberTests"/>
      </group> <!-- cucumber -->
    </groups>
    <test name="Test" duration-ms="1255" started-at="2020-05-09T15:56:31 IST" finished-at="2020-05-09T15:56:33 IST">
      <class name="cucumberOptions.TestRunner">
        <test-method status="PASS" signature="setUpClass()[pri:0, instance:cucumberOptions.TestRunner@71bbf57e]" name="setUpClass" is-config="true" duration-ms="484" started-at="2020-05-09T15:56:31 IST" finished-at="2020-05-09T15:56:32 IST">
          <reporter-output>
          </reporter-output>
        </test-method> <!-- setUpClass -->
        <test-method status="PASS" signature="feature(cucumber.api.testng.CucumberFeatureWrapper)[pri:0, instance:cucumberOptions.TestRunner@71bbf57e]" name="feature" duration-ms="469" started-at="2020-05-09T15:56:32 IST" description="Runs Cucumber Feature" data-provider="features" finished-at="2020-05-09T15:56:33 IST">
          <params>
            <param index="0">
              <value>
                <![CDATA[Login into Application]]>
              </value>
            </param>
          </params>
          <reporter-output>
          </reporter-output>
        </test-method> <!-- feature -->
        <test-method status="PASS" signature="tearDownClass()[pri:0, instance:cucumberOptions.TestRunner@71bbf57e]" name="tearDownClass" is-config="true" duration-ms="21" started-at="2020-05-09T15:56:33 IST" finished-at="2020-05-09T15:56:33 IST">
          <reporter-output>
          </reporter-output>
        </test-method> <!-- tearDownClass -->
      </class> <!-- cucumberOptions.TestRunner -->
    </test> <!-- Test -->
  </suite> <!-- Suite -->
</testng-results>
